[debug] [2021-09-12T21:20:37.710Z] ----------------------------------------------------------------------
[debug] [2021-09-12T21:20:37.712Z] Command:       /usr/local/bin/node /usr/local/bin/firebase deploy --only functions
[debug] [2021-09-12T21:20:37.712Z] CLI Version:   7.3.0
[debug] [2021-09-12T21:20:37.712Z] Platform:      darwin
[debug] [2021-09-12T21:20:37.712Z] Node Version:  v14.17.5
[debug] [2021-09-12T21:20:37.714Z] Time:          Sun Sep 12 2021 23:20:37 GMT+0200 (Central European Summer Time)
[debug] [2021-09-12T21:20:37.714Z] ----------------------------------------------------------------------
[debug] 
[debug] [2021-09-12T21:20:37.723Z] > command requires scopes: ["email","openid","https://www.googleapis.com/auth/cloudplatformprojects.readonly","https://www.googleapis.com/auth/firebase","https://www.googleapis.com/auth/cloud-platform"]
[debug] [2021-09-12T21:20:37.724Z] > authorizing via signed-in user
[debug] [2021-09-12T21:20:37.724Z] [iam] checking project koda95doo-bf7de for permissions ["cloudfunctions.functions.create","cloudfunctions.functions.delete","cloudfunctions.functions.get","cloudfunctions.functions.list","cloudfunctions.functions.update","cloudfunctions.operations.get","firebase.projects.get"]
[debug] [2021-09-12T21:20:37.725Z] >>> HTTP REQUEST POST https://cloudresourcemanager.googleapis.com/v1/projects/koda95doo-bf7de:testIamPermissions  

[debug] [2021-09-12T21:20:38.689Z] <<< HTTP RESPONSE 200
[info] 
[info] === Deploying to 'koda95doo-bf7de'...
[info] 
[info] i  deploying functions
[info] Running command: npm --prefix "$RESOURCE_DIR" run build
[info] ✔  functions: Finished running predeploy script.
[debug] [2021-09-12T21:20:46.046Z] > [functions] package.json contents: {
  "name": "functions",
  "scripts": {
    "build": "tsc",
    "serve": "npm run build && firebase serve --only functions",
    "shell": "npm run build && firebase functions:shell",
    "start": "npm run shell",
    "deploy": "firebase deploy --only functions",
    "logs": "firebase functions:log"
  },
  "engines": {
    "node": "8"
  },
  "main": "lib/index.js",
  "dependencies": {
    "@sendgrid/mail": "^7.4.6",
    "firebase-admin": "^8.0.0",
    "firebase-functions": "^3.1.0"
  },
  "devDependencies": {
    "typescript": "^3.2.2"
  },
  "private": true
}
[info] i  functions: ensuring necessary APIs are enabled...
[debug] [2021-09-12T21:20:46.048Z] >>> HTTP REQUEST GET https://serviceusage.googleapis.com/v1/projects/koda95doo-bf7de/services/cloudfunctions.googleapis.com  
 
[debug] [2021-09-12T21:20:46.048Z] >>> HTTP REQUEST GET https://serviceusage.googleapis.com/v1/projects/koda95doo-bf7de/services/runtimeconfig.googleapis.com  
 
[debug] [2021-09-12T21:20:47.132Z] <<< HTTP RESPONSE 200
[debug] [2021-09-12T21:20:47.272Z] <<< HTTP RESPONSE 200
[info] ✔  functions: all necessary APIs are enabled
[debug] [2021-09-12T21:20:47.274Z] >>> HTTP REQUEST GET https://firebase.googleapis.com/v1beta1/projects/koda95doo-bf7de/adminSdkConfig  
 
[debug] [2021-09-12T21:20:47.745Z] <<< HTTP RESPONSE 200
[info] i  functions: preparing functions directory for uploading...
[debug] [2021-09-12T21:20:47.749Z] >>> HTTP REQUEST GET https://runtimeconfig.googleapis.com/v1beta1/projects/koda95doo-bf7de/configs  
 
[debug] [2021-09-12T21:20:48.091Z] <<< HTTP RESPONSE 200
[debug] [2021-09-12T21:20:48.091Z] >>> HTTP REQUEST GET https://runtimeconfig.googleapis.com/v1beta1/projects/koda95doo-bf7de/configs/sendgrid/variables  
 
[debug] [2021-09-12T21:20:48.411Z] <<< HTTP RESPONSE 200
[debug] [2021-09-12T21:20:48.411Z] >>> HTTP REQUEST GET https://runtimeconfig.googleapis.com/v1beta1/projects/koda95doo-bf7de/configs/sendgrid/variables/key  
 
[debug] [2021-09-12T21:20:48.412Z] >>> HTTP REQUEST GET https://runtimeconfig.googleapis.com/v1beta1/projects/koda95doo-bf7de/configs/sendgrid/variables/template  
 
[debug] [2021-09-12T21:20:48.741Z] <<< HTTP RESPONSE 200
[debug] [2021-09-12T21:20:48.814Z] <<< HTTP RESPONSE 200
[info] i  functions: packaged functions (58.76 KB) for uploading
[debug] [2021-09-12T21:20:49.011Z] >>> HTTP REQUEST POST https://cloudfunctions.googleapis.com/v1/projects/koda95doo-bf7de/locations/us-central1/functions:generateUploadUrl  
 
[debug] [2021-09-12T21:20:49.786Z] <<< HTTP RESPONSE 200
[debug] [2021-09-12T21:20:49.787Z] >>> HTTP REQUEST PUT https://storage.googleapis.com/gcf-upload-us-central1-a41b336d-11f4-440f-ab6c-d8806717e9c4/d3b5d091-0ad7-4be3-b7c8-9a0466c98c3f.zip?GoogleAccessId=service-110998766078@gcf-admin-robot.iam.gserviceaccount.com&Expires=1631483449&Signature=HZ8z5rkLTE6FjT57ZTQdHlFzSXhx1QKQaBl%2BgCVo4aLX6il49TjTY0EwQiTJM2ZigSITvMgsy0YBj8s0SF8u4sEAj2BTak0kjojm8xwc2aBzxV8A2CuFkv%2Fe9nhGxeagUX3dSUYQi6ySoJF%2B0f%2B31gLf6QXGaFpAEvxQDYqTY7LNWtsH7J0tKZ2isXQ1wxSQh6SZhdS2UdAKDedjl8xpfgSurMQezyLSKJCXawFKITWvnQ5f%2F29puY%2B91uoWCK6mLxaY%2BO%2F10uZwohuwFEjlASqpyNLkYEOksv9RUpYKagaU8zYZxUqQtzrY1jF1%2FbqI7TyzlA%2F8fyn1jpWXDG39Sg%3D%3D  
 <request body omitted>
[debug] [2021-09-12T21:20:50.251Z] <<< HTTP RESPONSE 200
[info] ✔  functions: functions folder uploaded successfully
[debug] [2021-09-12T21:20:50.253Z] >>> HTTP REQUEST GET https://cloudfunctions.googleapis.com/v1/projects/koda95doo-bf7de/locations/-/functions  
 
[debug] [2021-09-12T21:20:51.010Z] <<< HTTP RESPONSE 200
[info] i  functions: updating Node.js 8 function welcomeEmail(europe-west1)...
[debug] [2021-09-12T21:20:51.013Z] Trigger is:  {"eventTrigger":{"resource":"projects/koda95doo-bf7de/databases/(default)/documents/job_applications/{applicationId}","eventType":"providers/cloud.firestore/eventTypes/document.create","service":"firestore.googleapis.com"}}
[debug] [2021-09-12T21:20:51.014Z] >>> HTTP REQUEST GET https://serviceusage.googleapis.com/v1/projects/koda95doo-bf7de/services/cloudscheduler.googleapis.com  
 
[debug] [2021-09-12T21:20:52.119Z] <<< HTTP RESPONSE 200
[debug] [2021-09-12T21:20:52.120Z] >>> HTTP REQUEST PATCH https://cloudfunctions.googleapis.com/v1/projects/koda95doo-bf7de/locations/europe-west1/functions/welcomeEmail {"updateMask":"sourceUploadUrl,name,labels,runtime,eventTrigger.resource,eventTrigger.eventType,eventTrigger.service"} 

[debug] [2021-09-12T21:20:52.672Z] <<< HTTP RESPONSE 200
[debug] [2021-09-12T21:20:52.674Z] >>> HTTP REQUEST GET https://cloudfunctions.googleapis.com/v1/operations/a29kYTk1ZG9vLWJmN2RlL2V1cm9wZS13ZXN0MS93ZWxjb21lRW1haWwvaS1Gck5xT2ZILW8  
 
[debug] [2021-09-12T21:20:52.925Z] <<< HTTP RESPONSE 200
[debug] [2021-09-12T21:20:54.927Z] >>> HTTP REQUEST GET https://cloudfunctions.googleapis.com/v1/operations/a29kYTk1ZG9vLWJmN2RlL2V1cm9wZS13ZXN0MS93ZWxjb21lRW1haWwvaS1Gck5xT2ZILW8  
 
[debug] [2021-09-12T21:20:55.208Z] <<< HTTP RESPONSE 200
[debug] [2021-09-12T21:20:57.210Z] >>> HTTP REQUEST GET https://cloudfunctions.googleapis.com/v1/operations/a29kYTk1ZG9vLWJmN2RlL2V1cm9wZS13ZXN0MS93ZWxjb21lRW1haWwvaS1Gck5xT2ZILW8  
 
[debug] [2021-09-12T21:20:57.477Z] <<< HTTP RESPONSE 200
[debug] [2021-09-12T21:20:59.479Z] >>> HTTP REQUEST GET https://cloudfunctions.googleapis.com/v1/operations/a29kYTk1ZG9vLWJmN2RlL2V1cm9wZS13ZXN0MS93ZWxjb21lRW1haWwvaS1Gck5xT2ZILW8  
 
[debug] [2021-09-12T21:20:59.718Z] <<< HTTP RESPONSE 200
[debug] [2021-09-12T21:21:01.718Z] >>> HTTP REQUEST GET https://cloudfunctions.googleapis.com/v1/operations/a29kYTk1ZG9vLWJmN2RlL2V1cm9wZS13ZXN0MS93ZWxjb21lRW1haWwvaS1Gck5xT2ZILW8  
 
[debug] [2021-09-12T21:21:01.966Z] <<< HTTP RESPONSE 200
[debug] [2021-09-12T21:21:03.966Z] >>> HTTP REQUEST GET https://cloudfunctions.googleapis.com/v1/operations/a29kYTk1ZG9vLWJmN2RlL2V1cm9wZS13ZXN0MS93ZWxjb21lRW1haWwvaS1Gck5xT2ZILW8  
 
[debug] [2021-09-12T21:21:04.226Z] <<< HTTP RESPONSE 200
[debug] [2021-09-12T21:21:06.226Z] >>> HTTP REQUEST GET https://cloudfunctions.googleapis.com/v1/operations/a29kYTk1ZG9vLWJmN2RlL2V1cm9wZS13ZXN0MS93ZWxjb21lRW1haWwvaS1Gck5xT2ZILW8  
 
[debug] [2021-09-12T21:21:06.484Z] <<< HTTP RESPONSE 200
[debug] [2021-09-12T21:21:08.486Z] >>> HTTP REQUEST GET https://cloudfunctions.googleapis.com/v1/operations/a29kYTk1ZG9vLWJmN2RlL2V1cm9wZS13ZXN0MS93ZWxjb21lRW1haWwvaS1Gck5xT2ZILW8  
 
[debug] [2021-09-12T21:21:08.704Z] <<< HTTP RESPONSE 200
[debug] [2021-09-12T21:21:10.705Z] >>> HTTP REQUEST GET https://cloudfunctions.googleapis.com/v1/operations/a29kYTk1ZG9vLWJmN2RlL2V1cm9wZS13ZXN0MS93ZWxjb21lRW1haWwvaS1Gck5xT2ZILW8  
 
[debug] [2021-09-12T21:21:10.974Z] <<< HTTP RESPONSE 200
[debug] [2021-09-12T21:21:12.976Z] >>> HTTP REQUEST GET https://cloudfunctions.googleapis.com/v1/operations/a29kYTk1ZG9vLWJmN2RlL2V1cm9wZS13ZXN0MS93ZWxjb21lRW1haWwvaS1Gck5xT2ZILW8  
 
[debug] [2021-09-12T21:21:13.222Z] <<< HTTP RESPONSE 200
[debug] [2021-09-12T21:21:15.224Z] >>> HTTP REQUEST GET https://cloudfunctions.googleapis.com/v1/operations/a29kYTk1ZG9vLWJmN2RlL2V1cm9wZS13ZXN0MS93ZWxjb21lRW1haWwvaS1Gck5xT2ZILW8  
 
[debug] [2021-09-12T21:21:15.481Z] <<< HTTP RESPONSE 200
[debug] [2021-09-12T21:21:17.483Z] >>> HTTP REQUEST GET https://cloudfunctions.googleapis.com/v1/operations/a29kYTk1ZG9vLWJmN2RlL2V1cm9wZS13ZXN0MS93ZWxjb21lRW1haWwvaS1Gck5xT2ZILW8  
 
[debug] [2021-09-12T21:21:17.720Z] <<< HTTP RESPONSE 200
[debug] [2021-09-12T21:21:19.721Z] >>> HTTP REQUEST GET https://cloudfunctions.googleapis.com/v1/operations/a29kYTk1ZG9vLWJmN2RlL2V1cm9wZS13ZXN0MS93ZWxjb21lRW1haWwvaS1Gck5xT2ZILW8  
 
[debug] [2021-09-12T21:21:19.940Z] <<< HTTP RESPONSE 200
[debug] [2021-09-12T21:21:21.942Z] >>> HTTP REQUEST GET https://cloudfunctions.googleapis.com/v1/operations/a29kYTk1ZG9vLWJmN2RlL2V1cm9wZS13ZXN0MS93ZWxjb21lRW1haWwvaS1Gck5xT2ZILW8  
 
[debug] [2021-09-12T21:21:22.198Z] <<< HTTP RESPONSE 200
[debug] [2021-09-12T21:21:24.200Z] >>> HTTP REQUEST GET https://cloudfunctions.googleapis.com/v1/operations/a29kYTk1ZG9vLWJmN2RlL2V1cm9wZS13ZXN0MS93ZWxjb21lRW1haWwvaS1Gck5xT2ZILW8  
 
[debug] [2021-09-12T21:21:24.478Z] <<< HTTP RESPONSE 200
[debug] [2021-09-12T21:21:26.479Z] >>> HTTP REQUEST GET https://cloudfunctions.googleapis.com/v1/operations/a29kYTk1ZG9vLWJmN2RlL2V1cm9wZS13ZXN0MS93ZWxjb21lRW1haWwvaS1Gck5xT2ZILW8  
 
[debug] [2021-09-12T21:21:26.727Z] <<< HTTP RESPONSE 200
